0 verbose cli /opt/homebrew/Cellar/node@22/22.22.1_3/bin/node /opt/homebrew/bin/npm
1 info using npm@10.9.4
2 info using node@v22.22.1
3 silly config load:file:/opt/homebrew/Cellar/node@22/22.22.1_3/lib/node_modules/npm/npmrc
4 silly config load:file:/Users/juanmontes/Proyectos/WEB JFM/mulanima-visual/.npmrc
5 silly config load:file:/Users/juanmontes/.npmrc
6 verbose config error loading user config Error: EPERM: operation not permitted, open '/Users/juanmontes/.npmrc'
6 verbose config     at async open (node:internal/fs/promises:636:25)
6 verbose config     at async readFile (node:internal/fs/promises:1235:14)
6 verbose config     at async #loadFile (/opt/homebrew/Cellar/node@22/22.22.1_3/lib/node_modules/npm/node_modules/@npmcli/config/lib/index.js:589:5)
6 verbose config     at async Config.load (/opt/homebrew/Cellar/node@22/22.22.1_3/lib/node_modules/npm/node_modules/@npmcli/config/lib/index.js:250:5)
6 verbose config     at async #load (/opt/homebrew/Cellar/node@22/22.22.1_3/lib/node_modules/npm/lib/npm.js:98:5)
6 verbose config     at async Npm.load (/opt/homebrew/Cellar/node@22/22.22.1_3/lib/node_modules/npm/lib/npm.js:80:14)
6 verbose config     at async module.exports (/opt/homebrew/Cellar/node@22/22.22.1_3/lib/node_modules/npm/lib/cli/entry.js:42:37) {
6 verbose config   errno: -1,
6 verbose config   code: 'EPERM',
6 verbose config   syscall: 'open',
6 verbose config   path: '/Users/juanmontes/.npmrc'
6 verbose config }
7 silly config load:file:/opt/homebrew/etc/npmrc
8 verbose title npm install next@latest react@latest react-dom@latest
9 verbose argv "install" "next@latest" "react@latest" "react-dom@latest" "--cache" "./.npm-cache"
10 verbose logfile logs-max:10 dir:/Users/juanmontes/Proyectos/WEB JFM/mulanima-visual/.npm-cache/_logs/2026-04-03T07_12_23_586Z-
11 verbose logfile /Users/juanmontes/Proyectos/WEB JFM/mulanima-visual/.npm-cache/_logs/2026-04-03T07_12_23_586Z-debug-0.log
12 silly logfile done cleaning log files
13 silly packumentCache heap:2197815296 maxSize:549453824 maxEntrySize:274726912
14 silly packumentCache corgi:https://registry.npmjs.org/next cache-miss
15 silly packumentCache corgi:https://registry.npmjs.org/react cache-miss
16 silly packumentCache corgi:https://registry.npmjs.org/react-dom cache-miss
17 http fetch GET 200 https://registry.npmjs.org/npm 482ms
18 http fetch GET 200 https://registry.npmjs.org/react 529ms (cache miss)
19 silly packumentCache corgi:https://registry.npmjs.org/react set size:undefined disposed:false
20 http fetch GET 200 https://registry.npmjs.org/react-dom 701ms (cache miss)
21 silly packumentCache corgi:https://registry.npmjs.org/react-dom set size:undefined disposed:false
22 http fetch GET 200 https://registry.npmjs.org/next 729ms (cache miss)
23 silly packumentCache corgi:https://registry.npmjs.org/next set size:undefined disposed:false
24 silly idealTree buildDeps
25 silly fetch manifest next@16.2.2
26 silly packumentCache full:https://registry.npmjs.org/next cache-miss
27 http fetch GET 200 https://registry.npmjs.org/next 307ms (cache miss)
28 silly packumentCache full:https://registry.npmjs.org/next set size:undefined disposed:false
29 silly fetch manifest @opentelemetry/api@^1.1.0
30 silly packumentCache full:https://registry.npmjs.org/@opentelemetry%2fapi cache-miss
31 http fetch GET 200 https://registry.npmjs.org/@opentelemetry%2fapi 278ms (cache miss)
32 silly packumentCache full:https://registry.npmjs.org/@opentelemetry%2fapi set size:undefined disposed:false
33 silly fetch manifest @playwright/test@^1.51.1
34 silly packumentCache full:https://registry.npmjs.org/@playwright%2ftest cache-miss
35 http fetch GET 200 https://registry.npmjs.org/@playwright%2ftest 661ms (cache miss)
36 silly packumentCache full:https://registry.npmjs.org/@playwright%2ftest set size:undefined disposed:false
37 silly fetch manifest babel-plugin-react-compiler@*
38 silly packumentCache full:https://registry.npmjs.org/babel-plugin-react-compiler cache-miss
39 http fetch GET 200 https://registry.npmjs.org/babel-plugin-react-compiler 263ms (cache miss)
40 silly packumentCache full:https://registry.npmjs.org/babel-plugin-react-compiler set size:undefined disposed:false
41 silly fetch manifest react@19.2.4
42 silly packumentCache full:https://registry.npmjs.org/react cache-miss
43 http fetch GET 200 https://registry.npmjs.org/react 183ms (cache miss)
44 silly packumentCache full:https://registry.npmjs.org/react set size:undefined disposed:false
45 silly fetch manifest react-dom@19.2.4
46 silly packumentCache full:https://registry.npmjs.org/react-dom cache-miss
47 http fetch GET 200 https://registry.npmjs.org/react-dom 187ms (cache miss)
48 silly packumentCache full:https://registry.npmjs.org/react-dom set size:undefined disposed:false
49 silly fetch manifest sass@^1.3.0
50 silly packumentCache full:https://registry.npmjs.org/sass cache-miss
51 http fetch GET 200 https://registry.npmjs.org/sass 99ms (cache miss)
52 silly packumentCache full:https://registry.npmjs.org/sass set size:undefined disposed:false
53 silly placeDep ROOT next@16.2.2 REPLACE for: mulanima-visual@0.1.0 want: 16.2.2
54 silly placeDep ROOT react@19.2.4 REPLACE for: mulanima-visual@0.1.0 want: 19.2.4
55 silly placeDep ROOT react-dom@19.2.4 REPLACE for: mulanima-visual@0.1.0 want: 19.2.4
56 silly fetch manifest @next/env@16.2.2
57 silly packumentCache full:https://registry.npmjs.org/@next%2fenv cache-miss
58 silly fetch manifest @next/swc-darwin-x64@16.2.2
59 silly packumentCache full:https://registry.npmjs.org/@next%2fswc-darwin-x64 cache-miss
60 silly fetch manifest @next/swc-darwin-arm64@16.2.2
61 silly packumentCache full:https://registry.npmjs.org/@next%2fswc-darwin-arm64 cache-miss
62 silly fetch manifest @next/swc-linux-x64-gnu@16.2.2
63 silly packumentCache full:https://registry.npmjs.org/@next%2fswc-linux-x64-gnu cache-miss
64 silly fetch manifest @next/swc-linux-x64-musl@16.2.2
65 silly packumentCache full:https://registry.npmjs.org/@next%2fswc-linux-x64-musl cache-miss
66 silly fetch manifest @next/swc-win32-x64-msvc@16.2.2
67 silly packumentCache full:https://registry.npmjs.org/@next%2fswc-win32-x64-msvc cache-miss
68 silly fetch manifest @next/swc-linux-arm64-gnu@16.2.2
69 silly packumentCache full:https://registry.npmjs.org/@next%2fswc-linux-arm64-gnu cache-miss
70 http fetch GET 200 https://registry.npmjs.org/@next%2fswc-darwin-arm64 464ms (cache miss)
71 silly packumentCache full:https://registry.npmjs.org/@next%2fswc-darwin-arm64 set size:undefined disposed:false
72 silly fetch manifest @next/swc-linux-arm64-musl@16.2.2
73 silly packumentCache full:https://registry.npmjs.org/@next%2fswc-linux-arm64-musl cache-miss
74 http fetch GET 200 https://registry.npmjs.org/@next%2fswc-darwin-x64 491ms (cache miss)
75 silly packumentCache full:https://registry.npmjs.org/@next%2fswc-darwin-x64 set size:undefined disposed:false
76 silly fetch manifest @next/swc-win32-arm64-msvc@16.2.2
77 silly packumentCache full:https://registry.npmjs.org/@next%2fswc-win32-arm64-msvc cache-miss
78 http fetch GET 200 https://registry.npmjs.org/@next%2fswc-linux-x64-gnu 594ms (cache miss)
79 silly packumentCache full:https://registry.npmjs.org/@next%2fswc-linux-x64-gnu set size:undefined disposed:false
80 http fetch GET 200 https://registry.npmjs.org/@next%2fenv 1173ms (cache miss)
81 silly packumentCache full:https://registry.npmjs.org/@next%2fenv set size:undefined disposed:false
82 http fetch GET 200 https://registry.npmjs.org/@next%2fswc-linux-arm64-gnu 1337ms (cache miss)
83 silly packumentCache full:https://registry.npmjs.org/@next%2fswc-linux-arm64-gnu set size:undefined disposed:false
84 http fetch GET 200 https://registry.npmjs.org/@next%2fswc-linux-x64-musl 1360ms (cache miss)
85 silly packumentCache full:https://registry.npmjs.org/@next%2fswc-linux-x64-musl set size:undefined disposed:false
86 http fetch GET 200 https://registry.npmjs.org/@next%2fswc-win32-x64-msvc 1409ms (cache miss)
87 silly packumentCache full:https://registry.npmjs.org/@next%2fswc-win32-x64-msvc set size:undefined disposed:false
88 http fetch GET 200 https://registry.npmjs.org/@next%2fswc-linux-arm64-musl 1148ms (cache miss)
89 silly packumentCache full:https://registry.npmjs.org/@next%2fswc-linux-arm64-musl set size:undefined disposed:false
90 http fetch GET 200 https://registry.npmjs.org/@next%2fswc-win32-arm64-msvc 1144ms (cache miss)
91 silly packumentCache full:https://registry.npmjs.org/@next%2fswc-win32-arm64-msvc set size:undefined disposed:false
92 silly placeDep ROOT @next/env@16.2.2 OK for: next@16.2.2 want: 16.2.2
93 silly placeDep ROOT @next/swc-darwin-arm64@16.2.2 OK for: next@16.2.2 want: 16.2.2
94 silly placeDep ROOT @next/swc-darwin-x64@16.2.2 OK for: next@16.2.2 want: 16.2.2
95 silly placeDep ROOT @next/swc-linux-arm64-gnu@16.2.2 OK for: next@16.2.2 want: 16.2.2
96 silly placeDep ROOT @next/swc-linux-arm64-musl@16.2.2 OK for: next@16.2.2 want: 16.2.2
97 silly placeDep ROOT @next/swc-linux-x64-gnu@16.2.2 OK for: next@16.2.2 want: 16.2.2
98 silly placeDep ROOT @next/swc-linux-x64-musl@16.2.2 OK for: next@16.2.2 want: 16.2.2
99 silly placeDep ROOT @next/swc-win32-arm64-msvc@16.2.2 OK for: next@16.2.2 want: 16.2.2
100 silly placeDep ROOT @next/swc-win32-x64-msvc@16.2.2 OK for: next@16.2.2 want: 16.2.2
101 silly reify mark retired [
101 silly reify   '/Users/juanmontes/Proyectos/WEB JFM/mulanima-visual/node_modules/@next/env'
101 silly reify ]
102 silly reify mark retired [
102 silly reify   '/Users/juanmontes/Proyectos/WEB JFM/mulanima-visual/node_modules/@next/swc-darwin-arm64'
102 silly reify ]
103 silly reify mark retired [
103 silly reify   '/Users/juanmontes/Proyectos/WEB JFM/mulanima-visual/node_modules/next',
103 silly reify   '/Users/juanmontes/Proyectos/WEB JFM/mulanima-visual/node_modules/.bin/next'
103 silly reify ]
104 silly reify mark retired [
104 silly reify   '/Users/juanmontes/Proyectos/WEB JFM/mulanima-visual/node_modules/react'
104 silly reify ]
105 silly reify mark retired [
105 silly reify   '/Users/juanmontes/Proyectos/WEB JFM/mulanima-visual/node_modules/react-dom'
105 silly reify ]
106 silly reify moves {
106 silly reify   '/Users/juanmontes/Proyectos/WEB JFM/mulanima-visual/node_modules/@next/env': '/Users/juanmontes/Proyectos/WEB JFM/mulanima-visual/node_modules/@next/.env-Eo3KrCCS',
106 silly reify   '/Users/juanmontes/Proyectos/WEB JFM/mulanima-visual/node_modules/@next/swc-darwin-arm64': '/Users/juanmontes/Proyectos/WEB JFM/mulanima-visual/node_modules/@next/.swc-darwin-arm64-5AWKA9dL',
106 silly reify   '/Users/juanmontes/Proyectos/WEB JFM/mulanima-visual/node_modules/next': '/Users/juanmontes/Proyectos/WEB JFM/mulanima-visual/node_modules/.next-7SdrhHzv',
106 silly reify   '/Users/juanmontes/Proyectos/WEB JFM/mulanima-visual/node_modules/.bin/next': '/Users/juanmontes/Proyectos/WEB JFM/mulanima-visual/node_modules/.bin/.next-DgxyAewI',
106 silly reify   '/Users/juanmontes/Proyectos/WEB JFM/mulanima-visual/node_modules/react': '/Users/juanmontes/Proyectos/WEB JFM/mulanima-visual/node_modules/.react-RuiA19sY',
106 silly reify   '/Users/juanmontes/Proyectos/WEB JFM/mulanima-visual/node_modules/react-dom': '/Users/juanmontes/Proyectos/WEB JFM/mulanima-visual/node_modules/.react-dom-EKJqeMG1'
106 silly reify }
107 verbose reify failed optional dependency /Users/juanmontes/Proyectos/WEB JFM/mulanima-visual/node_modules/@tailwindcss/oxide-wasm32-wasi
108 silly reify mark deleted [
108 silly reify   '/Users/juanmontes/Proyectos/WEB JFM/mulanima-visual/node_modules/@tailwindcss/oxide-wasm32-wasi'
108 silly reify ]
109 silly audit bulk request {
109 silly audit   '@alloc/quick-lru': [ '5.2.0' ],
109 silly audit   '@babel/code-frame': [ '7.29.0' ],
109 silly audit   '@babel/compat-data': [ '7.29.0' ],
109 silly audit   '@babel/core': [ '7.29.0' ],
109 silly audit   '@babel/generator': [ '7.29.1' ],
109 silly audit   '@babel/helper-compilation-targets': [ '7.28.6' ],
109 silly audit   '@babel/helper-globals': [ '7.28.0' ],
109 silly audit   '@babel/helper-module-imports': [ '7.28.6' ],
109 silly audit   '@babel/helper-module-transforms': [ '7.28.6' ],
109 silly audit   '@babel/helper-string-parser': [ '7.27.1' ],
109 silly audit   '@babel/helper-validator-identifier': [ '7.28.5' ],
109 silly audit   '@babel/helper-validator-option': [ '7.27.1' ],
109 silly audit   '@babel/helpers': [ '7.29.2' ],
109 silly audit   '@babel/parser': [ '7.29.2' ],
109 silly audit   '@babel/runtime': [ '7.29.2' ],
109 silly audit   '@babel/template': [ '7.28.6' ],
109 silly audit   '@babel/traverse': [ '7.29.0' ],
109 silly audit   '@babel/types': [ '7.29.0' ],
109 silly audit   '@dimforge/rapier3d-compat': [ '0.12.0' ],
109 silly audit   '@emnapi/core': [ '1.9.2' ],
109 silly audit   '@emnapi/runtime': [ '1.9.2' ],
109 silly audit   '@emnapi/wasi-threads': [ '1.2.1' ],
109 silly audit   '@eslint-community/eslint-utils': [ '4.9.1' ],
109 silly audit   'eslint-visitor-keys': [ '3.4.3', '5.0.1', '4.2.1' ],
109 silly audit   '@eslint-community/regexpp': [ '4.12.2' ],
109 silly audit   '@eslint/config-array': [ '0.21.2' ],
109 silly audit   '@eslint/config-helpers': [ '0.4.2' ],
109 silly audit   '@eslint/core': [ '0.17.0' ],
109 silly audit   '@eslint/eslintrc': [ '3.3.5' ],
109 silly audit   '@eslint/js': [ '9.39.4' ],
109 silly audit   '@eslint/object-schema': [ '2.1.7' ],
109 silly audit   '@eslint/plugin-kit': [ '0.4.1' ],
109 silly audit   '@humanfs/core': [ '0.19.1' ],
109 silly audit   '@humanfs/node': [ '0.16.7' ],
109 silly audit   '@humanwhocodes/module-importer': [ '1.0.1' ],
109 silly audit   '@humanwhocodes/retry': [ '0.4.3' ],
109 silly audit   '@img/colour': [ '1.1.0' ],
109 silly audit   '@img/sharp-darwin-arm64': [ '0.34.5' ],
109 silly audit   '@img/sharp-darwin-x64': [ '0.34.5' ],
109 silly audit   '@img/sharp-libvips-darwin-arm64': [ '1.2.4' ],
109 silly audit   '@img/sharp-libvips-darwin-x64': [ '1.2.4' ],
109 silly audit   '@img/sharp-libvips-linux-arm': [ '1.2.4' ],
109 silly audit   '@img/sharp-libvips-linux-arm64': [ '1.2.4' ],
109 silly audit   '@img/sharp-libvips-linux-ppc64': [ '1.2.4' ],
109 silly audit   '@img/sharp-libvips-linux-riscv64': [ '1.2.4' ],
109 silly audit   '@img/sharp-libvips-linux-s390x': [ '1.2.4' ],
109 silly audit   '@img/sharp-libvips-linux-x64': [ '1.2.4' ],
109 silly audit   '@img/sharp-libvips-linuxmusl-arm64': [ '1.2.4' ],
109 silly audit   '@img/sharp-libvips-linuxmusl-x64': [ '1.2.4' ],
109 silly audit   '@img/sharp-linux-arm': [ '0.34.5' ],
109 silly audit   '@img/sharp-linux-arm64': [ '0.34.5' ],
109 silly audit   '@img/sharp-linux-ppc64': [ '0.34.5' ],
109 silly audit   '@img/sharp-linux-riscv64': [ '0.34.5' ],
109 silly audit   '@img/sharp-linux-s390x': [ '0.34.5' ],
109 silly audit   '@img/sharp-linux-x64': [ '0.34.5' ],
109 silly audit   '@img/sharp-linuxmusl-arm64': [ '0.34.5' ],
109 silly audit   '@img/sharp-linuxmusl-x64': [ '0.34.5' ],
109 silly audit   '@img/sharp-wasm32': [ '0.34.5' ],
109 silly audit   '@img/sharp-win32-arm64': [ '0.34.5' ],
109 silly audit   '@img/sharp-win32-ia32': [ '0.34.5' ],
109 silly audit   '@img/sharp-win32-x64': [ '0.34.5' ],
109 silly audit   '@jridgewell/gen-mapping': [ '0.3.13' ],
109 silly audit   '@jridgewell/remapping': [ '2.3.5' ],
109 silly audit   '@jridgewell/resolve-uri': [ '3.1.2' ],
109 silly audit   '@jridgewell/sourcemap-codec': [ '1.5.5' ],
109 silly audit   '@jridgewell/trace-mapping': [ '0.3.31' ],
109 silly audit   '@mediapipe/tasks-vision': [ '0.10.17' ],
109 silly audit   '@monogrid/gainmap-js': [ '3.4.0' ],
109 silly audit   '@napi-rs/wasm-runtime': [ '0.2.12' ],
109 silly audit   '@next/eslint-plugin-next': [ '16.0.8' ],
109 silly audit   '@nodelib/fs.scandir': [ '2.1.5' ],
109 silly audit   '@nodelib/fs.stat': [ '2.0.5' ],
109 silly audit   '@nodelib/fs.walk': [ '1.2.8' ],
109 silly audit   '@nolyfill/is-core-module': [ '1.0.39' ],
109 silly audit   '@react-three/drei': [ '10.7.7' ],
109 silly audit   '@react-three/fiber': [ '9.5.0' ],
109 silly audit   '@rtsao/scc': [ '1.1.0' ],
109 silly audit   '@splinetool/react-spline': [ '4.1.0' ],
109 silly audit   '@splinetool/runtime': [ '1.12.74' ],
109 silly audit   '@swc/helpers': [ '0.5.15' ],
109 silly audit   '@tailwindcss/node': [ '4.2.2' ],
109 silly audit   '@tailwindcss/oxide': [ '4.2.2' ],
109 silly audit   '@tailwindcss/oxide-android-arm64': [ '4.2.2' ],
109 silly audit   '@tailwindcss/oxide-darwin-arm64': [ '4.2.2' ],
109 silly audit   '@tailwindcss/oxide-darwin-x64': [ '4.2.2' ],
109 silly audit   '@tailwindcss/oxide-freebsd-x64': [ '4.2.2' ],
109 silly audit   '@tailwindcss/oxide-linux-arm-gnueabihf': [ '4.2.2' ],
109 silly audit   '@tailwindcss/oxide-linux-arm64-gnu': [ '4.2.2' ],
109 silly audit   '@tailwindcss/oxide-linux-arm64-musl': [ '4.2.2' ],
109 silly audit   '@tailwindcss/oxide-linux-x64-gnu': [ '4.2.2' ],
109 silly audit   '@tailwindcss/oxide-linux-x64-musl': [ '4.2.2' ],
109 silly audit   '@tailwindcss/oxide-win32-arm64-msvc': [ '4.2.2' ],
109 silly audit   '@tailwindcss/oxide-win32-x64-msvc': [ '4.2.2' ],
109 silly audit   '@tailwindcss/postcss': [ '4.2.2' ],
109 silly audit   '@tweenjs/tween.js': [ '23.1.3' ],
109 silly audit   '@tybys/wasm-util': [ '0.10.1' ],
109 silly audit   '@types/draco3d': [ '1.4.10' ],
109 silly audit   '@types/estree': [ '1.0.8' ],
109 silly audit   '@types/json-schema': [ '7.0.15' ],
109 silly audit   '@types/json5': [ '0.0.29' ],
109 silly audit   '@types/node': [ '20.19.37' ],
109 silly audit   '@types/offscreencanvas': [ '2019.7.3' ],
109 silly audit   '@types/react': [ '19.2.14' ],
109 silly audit   '@types/react-dom': [ '19.2.3' ],
109 silly audit   '@types/react-reconciler': [ '0.28.9' ],
109 silly audit   '@types/stats.js': [ '0.17.4' ],
109 silly audit   '@types/three': [ '0.183.1' ],
109 silly audit   '@types/webxr': [ '0.5.24' ],
109 silly audit   '@typescript-eslint/eslint-plugin': [ '8.58.0' ],
109 silly audit   ignore: [ '7.0.5', '5.3.2' ],
109 silly audit   '@typescript-eslint/parser': [ '8.58.0' ],
109 silly audit   '@typescript-eslint/project-service': [ '8.58.0' ],
109 silly audit   '@typescript-eslint/scope-manager': [ '8.58.0' ],
109 silly audit   '@typescript-eslint/tsconfig-utils': [ '8.58.0' ],
109 silly audit   '@typescript-eslint/type-utils': [ '8.58.0' ],
109 silly audit   '@typescript-eslint/types': [ '8.58.0' ],
109 silly audit   '@typescript-eslint/typescript-estree': [ '8.58.0' ],
109 silly audit   'balanced-match': [ '4.0.4', '1.0.2' ],
109 silly audit   'brace-expansion': [ '5.0.5', '1.1.13' ],
109 silly audit   minimatch: [ '10.2.5', '3.1.5' ],
109 silly audit   semver: [ '7.7.4', '6.3.1' ],
109 silly audit   '@typescript-eslint/utils': [ '8.58.0' ],
109 silly audit   '@typescript-eslint/visitor-keys': [ '8.58.0' ],
109 silly audit   '@unrs/resolver-binding-android-arm-eabi': [ '1.11.1' ],
109 silly audit   '@unrs/resolver-binding-android-arm64': [ '1.11.1' ],
109 silly audit   '@unrs/resolver-binding-darwin-arm64': [ '1.11.1' ],
109 silly audit   '@unrs/resolver-binding-darwin-x64': [ '1.11.1' ],
109 silly audit   '@unrs/resolver-binding-freebsd-x64': [ '1.11.1' ],
109 silly audit   '@unrs/resolver-binding-linux-arm-gnueabihf': [ '1.11.1' ],
109 silly audit   '@unrs/resolver-binding-linux-arm-musleabihf': [ '1.11.1' ],
109 silly audit   '@unrs/resolver-binding-linux-arm64-gnu': [ '1.11.1' ],
109 silly audit   '@unrs/resolver-binding-linux-arm64-musl': [ '1.11.1' ],
109 silly audit   '@unrs/resolver-binding-linux-ppc64-gnu': [ '1.11.1' ],
109 silly audit   '@unrs/resolver-binding-linux-riscv64-gnu': [ '1.11.1' ],
109 silly audit   '@unrs/resolver-binding-linux-riscv64-musl': [ '1.11.1' ],
109 silly audit   '@unrs/resolver-binding-linux-s390x-gnu': [ '1.11.1' ],
109 silly audit   '@unrs/resolver-binding-linux-x64-gnu': [ '1.11.1' ],
109 silly audit   '@unrs/resolver-binding-linux-x64-musl': [ '1.11.1' ],
109 silly audit   '@unrs/resolver-binding-wasm32-wasi': [ '1.11.1' ],
109 silly audit   '@unrs/resolver-binding-win32-arm64-msvc': [ '1.11.1' ],
109 silly audit   '@unrs/resolver-binding-win32-ia32-msvc': [ '1.11.1' ],
109 silly audit   '@unrs/resolver-binding-win32-x64-msvc': [ '1.11.1' ],
109 silly audit   '@use-gesture/core': [ '10.3.1' ],
109 silly audit   '@use-gesture/react': [ '10.3.1' ],
109 silly audit   '@webgpu/types': [ '0.1.69' ],
109 silly audit   acorn: [ '8.16.0' ],
109 silly audit   'acorn-jsx': [ '5.3.2' ],
109 silly audit   ajv: [ '6.14.0' ],
109 silly audit   'ansi-styles': [ '4.3.0' ],
109 silly audit   argparse: [ '2.0.1' ],
109 silly audit   'aria-query': [ '5.3.2' ],
109 silly audit   'array-buffer-byte-length': [ '1.0.2' ],
109 silly audit   'array-includes': [ '3.1.9' ],
109 silly audit   'array.prototype.findlast': [ '1.2.5' ],
109 silly audit   'array.prototype.findlastindex': [ '1.2.6' ],
109 silly audit   'array.prototype.flat': [ '1.3.3' ],
109 silly audit   'array.prototype.flatmap': [ '1.3.3' ],
109 silly audit   'array.prototype.tosorted': [ '1.1.4' ],
109 silly audit   'arraybuffer.prototype.slice': [ '1.0.4' ],
109 silly audit   'ast-types-flow': [ '0.0.8' ],
109 silly audit   'async-function': [ '1.0.0' ],
109 silly audit   'available-typed-arrays': [ '1.0.7' ],
109 silly audit   'axe-core': [ '4.11.2' ],
109 silly audit   'axobject-query': [ '4.1.0' ],
109 silly audit   'base64-js': [ '1.5.1' ],
109 silly audit   'baseline-browser-mapping': [ '2.10.13' ],
109 silly audit   'bidi-js': [ '1.0.3' ],
109 silly audit   blurhash: [ '2.0.5' ],
109 silly audit   braces: [ '3.0.3' ],
109 silly audit   browserslist: [ '4.28.2' ],
109 silly audit   buffer: [ '6.0.3' ],
109 silly audit   'call-bind': [ '1.0.8' ],
109 silly audit   'call-bind-apply-helpers': [ '1.0.2' ],
109 silly audit   'call-bound': [ '1.0.4' ],
109 silly audit   callsites: [ '3.1.0' ],
109 silly audit   'camera-controls': [ '3.1.2' ],
109 silly audit   'caniuse-lite': [ '1.0.30001784' ],
109 silly audit   chalk: [ '4.1.2' ],
109 silly audit   'client-only': [ '0.0.1' ],
109 silly audit   'color-convert': [ '2.0.1' ],
109 silly audit   'color-name': [ '1.1.4' ],
109 silly audit   'concat-map': [ '0.0.1' ],
109 silly audit   'convert-source-map': [ '2.0.0' ],
109 silly audit   'cross-env': [ '7.0.3' ],
109 silly audit   'cross-spawn': [ '7.0.6' ],
109 silly audit   csstype: [ '3.2.3' ],
109 silly audit   'damerau-levenshtein': [ '1.0.8' ],
109 silly audit   'data-view-buffer': [ '1.0.2' ],
109 silly audit   'data-view-byte-length': [ '1.0.2' ],
109 silly audit   'data-view-byte-offset': [ '1.0.1' ],
109 silly audit   debug: [ '4.4.3', '3.2.7' ],
109 silly audit   'deep-is': [ '0.1.4' ],
109 silly audit   'define-data-property': [ '1.1.4' ],
109 silly audit   'define-properties': [ '1.2.1' ],
109 silly audit   'detect-gpu': [ '5.0.70' ],
109 silly audit   'detect-libc': [ '2.1.2' ],
109 silly audit   doctrine: [ '2.1.0' ],
109 silly audit   draco3d: [ '1.5.7' ],
109 silly audit   'dunder-proto': [ '1.0.1' ],
109 silly audit   'electron-to-chromium': [ '1.5.331' ],
109 silly audit   'emoji-regex': [ '9.2.2' ],
109 silly audit   'enhanced-resolve': [ '5.20.1' ],
109 silly audit   'es-abstract': [ '1.24.1' ],
109 silly audit   'es-define-property': [ '1.0.1' ],
109 silly audit   'es-errors': [ '1.3.0' ],
109 silly audit   'es-iterator-helpers': [ '1.3.1' ],
109 silly audit   'es-object-atoms': [ '1.1.1' ],
109 silly audit   'es-set-tostringtag': [ '2.1.0' ],
109 silly audit   'es-shim-unscopables': [ '1.1.0' ],
109 silly audit   'es-to-primitive': [ '1.3.0' ],
109 silly audit   escalade: [ '3.2.0' ],
109 silly audit   'escape-string-regexp': [ '4.0.0' ],
109 silly audit   eslint: [ '9.39.4' ],
109 silly audit   'eslint-config-next': [ '16.0.8' ],
109 silly audit   globals: [ '16.4.0', '14.0.0' ],
109 silly audit   'eslint-import-resolver-node': [ '0.3.10' ],
109 silly audit   'eslint-import-resolver-typescript': [ '3.10.1' ],
109 silly audit   'eslint-module-utils': [ '2.12.1' ],
109 silly audit   'eslint-plugin-import': [ '2.32.0' ],
109 silly audit   'eslint-plugin-jsx-a11y': [ '6.10.2' ],
109 silly audit   'eslint-plugin-react': [ '7.37.5' ],
109 silly audit   'eslint-plugin-react-hooks': [ '7.0.1' ],
109 silly audit   'eslint-scope': [ '8.4.0' ],
109 silly audit   espree: [ '10.4.0' ],
109 silly audit   esquery: [ '1.7.0' ],
109 silly audit   esrecurse: [ '4.3.0' ],
109 silly audit   estraverse: [ '5.3.0' ],
109 silly audit   esutils: [ '2.0.3' ],
109 silly audit   'fast-deep-equal': [ '3.1.3' ],
109 silly audit   'fast-glob': [ '3.3.1' ],
109 silly audit   'glob-parent': [ '5.1.2', '6.0.2' ],
109 silly audit   'fast-json-stable-stringify': [ '2.1.0' ],
109 silly audit   'fast-levenshtein': [ '2.0.6' ],
109 silly audit   fastq: [ '1.20.1' ],
109 silly audit   fflate: [ '0.8.2', '0.6.10' ],
109 silly audit   'file-entry-cache': [ '8.0.0' ],
109 silly audit   'fill-range': [ '7.1.1' ],
109 silly audit   'find-up': [ '5.0.0' ],
109 silly audit   'flat-cache': [ '4.0.1' ],
109 silly audit   flatted: [ '3.4.2' ],
109 silly audit   'for-each': [ '0.3.5' ],
109 silly audit   'function-bind': [ '1.1.2' ],
109 silly audit   'function.prototype.name': [ '1.1.8' ],
109 silly audit   'functions-have-names': [ '1.2.3' ],
109 silly audit   'generator-function': [ '2.0.1' ],
109 silly audit   gensync: [ '1.0.0-beta.2' ],
109 silly audit   'get-intrinsic': [ '1.3.0' ],
109 silly audit   'get-proto': [ '1.0.1' ],
109 silly audit   'get-symbol-description': [ '1.1.0' ],
109 silly audit   'get-tsconfig': [ '4.13.7' ],
109 silly audit   globalthis: [ '1.0.4' ],
109 silly audit   'glsl-noise': [ '0.0.0' ],
109 silly audit   gopd: [ '1.2.0' ],
109 silly audit   'graceful-fs': [ '4.2.11' ],
109 silly audit   'has-bigints': [ '1.1.0' ],
109 silly audit   'has-flag': [ '4.0.0' ],
109 silly audit   'has-property-descriptors': [ '1.0.2' ],
109 silly audit   'has-proto': [ '1.2.0' ],
109 silly audit   'has-symbols': [ '1.1.0' ],
109 silly audit   'has-tostringtag': [ '1.0.2' ],
109 silly audit   hasown: [ '2.0.2' ],
109 silly audit   'hermes-estree': [ '0.25.1' ],
109 silly audit   'hermes-parser': [ '0.25.1' ],
109 silly audit   'hls.js': [ '1.6.15' ],
109 silly audit   ieee754: [ '1.2.1' ],
109 silly audit   immediate: [ '3.0.6' ],
109 silly audit   'import-fresh': [ '3.3.1' ],
109 silly audit   imurmurhash: [ '0.1.4' ],
109 silly audit   'internal-slot': [ '1.1.0' ],
109 silly audit   'is-array-buffer': [ '3.0.5' ],
109 silly audit   'is-async-function': [ '2.1.1' ],
109 silly audit   'is-bigint': [ '1.1.0' ],
109 silly audit   'is-boolean-object': [ '1.2.2' ],
109 silly audit   'is-bun-module': [ '2.0.0' ],
109 silly audit   'is-callable': [ '1.2.7' ],
109 silly audit   'is-core-module': [ '2.16.1' ],
109 silly audit   'is-data-view': [ '1.0.2' ],
109 silly audit   'is-date-object': [ '1.1.0' ],
109 silly audit   'is-extglob': [ '2.1.1' ],
109 silly audit   'is-finalizationregistry': [ '1.1.1' ],
109 silly audit   'is-generator-function': [ '1.1.2' ],
109 silly audit   'is-glob': [ '4.0.3' ],
109 silly audit   'is-map': [ '2.0.3' ],
109 silly audit   'is-negative-zero': [ '2.0.3' ],
109 silly audit   'is-number': [ '7.0.0' ],
109 silly audit   'is-number-object': [ '1.1.1' ],
109 silly audit   'is-promise': [ '2.2.2' ],
109 silly audit   'is-regex': [ '1.2.1' ],
109 silly audit   'is-set': [ '2.0.3' ],
109 silly audit   'is-shared-array-buffer': [ '1.0.4' ],
109 silly audit   'is-string': [ '1.1.1' ],
109 silly audit   'is-symbol': [ '1.1.1' ],
109 silly audit   'is-typed-array': [ '1.1.15' ],
109 silly audit   'is-weakmap': [ '2.0.2' ],
109 silly audit   'is-weakref': [ '1.1.1' ],
109 silly audit   'is-weakset': [ '2.0.4' ],
109 silly audit   isarray: [ '2.0.5' ],
109 silly audit   isexe: [ '2.0.0' ],
109 silly audit   'iterator.prototype': [ '1.1.5' ],
109 silly audit   'its-fine': [ '2.0.0' ],
109 silly audit   jiti: [ '2.6.1' ],
109 silly audit   'js-tokens': [ '4.0.0' ],
109 silly audit   'js-yaml': [ '4.1.1' ],
109 silly audit   jsesc: [ '3.1.0' ],
109 silly audit   'json-buffer': [ '3.0.1' ],
109 silly audit   'json-schema-traverse': [ '0.4.1' ],
109 silly audit   'json-stable-stringify-without-jsonify': [ '1.0.1' ],
109 silly audit   json5: [ '2.2.3', '1.0.2' ],
109 silly audit   'jsx-ast-utils': [ '3.3.5' ],
109 silly audit   keyv: [ '4.5.4' ],
109 silly audit   'language-subtag-registry': [ '0.3.23' ],
109 silly audit   'language-tags': [ '1.0.9' ],
109 silly audit   levn: [ '0.4.1' ],
109 silly audit   lie: [ '3.3.0' ],
109 silly audit   lightningcss: [ '1.32.0' ],
109 silly audit   'lightningcss-android-arm64': [ '1.32.0' ],
109 silly audit   'lightningcss-darwin-arm64': [ '1.32.0' ],
109 silly audit   'lightningcss-darwin-x64': [ '1.32.0' ],
109 silly audit   'lightningcss-freebsd-x64': [ '1.32.0' ],
109 silly audit   'lightningcss-linux-arm-gnueabihf': [ '1.32.0' ],
109 silly audit   'lightningcss-linux-arm64-gnu': [ '1.32.0' ],
109 silly audit   'lightningcss-linux-arm64-musl': [ '1.32.0' ],
109 silly audit   'lightningcss-linux-x64-gnu': [ '1.32.0' ],
109 silly audit   'lightningcss-linux-x64-musl': [ '1.32.0' ],
109 silly audit   'lightningcss-win32-arm64-msvc': [ '1.32.0' ],
109 silly audit   'lightningcss-win32-x64-msvc': [ '1.32.0' ],
109 silly audit   'locate-path': [ '6.0.0' ],
109 silly audit   'lodash.debounce': [ '4.0.8' ],
109 silly audit   'lodash.merge': [ '4.6.2' ],
109 silly audit   'loose-envify': [ '1.4.0' ],
109 silly audit   'lru-cache': [ '5.1.1' ],
109 silly audit   'lucide-react': [ '0.556.0' ],
109 silly audit   maath: [ '0.10.8' ],
109 silly audit   'magic-string': [ '0.30.21' ],
109 silly audit   'math-intrinsics': [ '1.1.0' ],
109 silly audit   merge2: [ '1.4.1' ],
109 silly audit   meshline: [ '3.3.1' ],
109 silly audit   meshoptimizer: [ '1.0.1' ],
109 silly audit   micromatch: [ '4.0.8' ],
109 silly audit   minimist: [ '1.2.8' ],
109 silly audit   ms: [ '2.1.3' ],
109 silly audit   nanoid: [ '3.3.11' ],
109 silly audit   'napi-postinstall': [ '0.3.4' ],
109 silly audit   'natural-compare': [ '1.4.0' ],
109 silly audit   postcss: [ '8.5.8', '8.4.31' ],
109 silly audit   'node-exports-info': [ '1.6.0' ],
109 silly audit   'node-releases': [ '2.0.37' ],
109 silly audit   'object-assign': [ '4.1.1' ],
109 silly audit   'object-inspect': [ '1.13.4' ],
109 silly audit   'object-keys': [ '1.1.1' ],
109 silly audit   'object.assign': [ '4.1.7' ],
109 silly audit   'object.entries': [ '1.1.9' ],
109 silly audit   'object.fromentries': [ '2.0.8' ],
109 silly audit   'object.groupby': [ '1.0.3' ],
109 silly audit   'object.values': [ '1.2.1' ],
109 silly audit   'on-change': [ '4.0.0' ],
109 silly audit   optionator: [ '0.9.4' ],
109 silly audit   'own-keys': [ '1.0.1' ],
109 silly audit   'p-limit': [ '3.1.0' ],
109 silly audit   'p-locate': [ '5.0.0' ],
109 silly audit   'parent-module': [ '1.0.1' ],
109 silly audit   'path-exists': [ '4.0.0' ],
109 silly audit   'path-key': [ '3.1.1' ],
109 silly audit   'path-parse': [ '1.0.7' ],
109 silly audit   picocolors: [ '1.1.1' ],
109 silly audit   picomatch: [ '2.3.2', '4.0.4' ],
109 silly audit   'possible-typed-array-names': [ '1.1.0' ],
109 silly audit   potpack: [ '1.0.2' ],
109 silly audit   'prelude-ls': [ '1.2.1' ],
109 silly audit   'promise-worker-transferable': [ '1.0.4' ],
109 silly audit   'prop-types': [ '15.8.1' ],
109 silly audit   punycode: [ '2.3.1' ],
109 silly audit   'queue-microtask': [ '1.2.3' ],
109 silly audit   'react-is': [ '16.13.1' ],
109 silly audit   'react-merge-refs': [ '2.1.1' ],
109 silly audit   'react-use-measure': [ '2.1.7' ],
109 silly audit   'reflect.getprototypeof': [ '1.0.10' ],
109 silly audit   'regexp.prototype.flags': [ '1.5.4' ],
109 silly audit   'require-from-string': [ '2.0.2' ],
109 silly audit   resolve: [ '2.0.0-next.6' ],
109 silly audit   'resolve-from': [ '4.0.0' ],
109 silly audit   'resolve-pkg-maps': [ '1.0.0' ],
109 silly audit   reusify: [ '1.1.0' ],
109 silly audit   'run-parallel': [ '1.2.0' ],
109 silly audit   'safe-array-concat': [ '1.1.3' ],
109 silly audit   'safe-push-apply': [ '1.0.0' ],
109 silly audit   'safe-regex-test': [ '1.1.0' ],
109 silly audit   scheduler: [ '0.27.0' ],
109 silly audit   'semver-compare': [ '1.0.0' ],
109 silly audit   'set-function-length': [ '1.2.2' ],
109 silly audit   'set-function-name': [ '2.0.2' ],
109 silly audit   'set-proto': [ '1.0.0' ],
109 silly audit   sharp: [ '0.34.5' ],
109 silly audit   'shebang-command': [ '2.0.0' ],
109 silly audit   'shebang-regex': [ '3.0.0' ],
109 silly audit   'side-channel': [ '1.1.0' ],
109 silly audit   'side-channel-list': [ '1.0.0' ],
109 silly audit   'side-channel-map': [ '1.0.1' ],
109 silly audit   'side-channel-weakmap': [ '1.0.2' ],
109 silly audit   'source-map-js': [ '1.2.1' ],
109 silly audit   'stable-hash': [ '0.0.5' ],
109 silly audit   'stats-gl': [ '2.4.2' ],
109 silly audit   three: [ '0.170.0', '0.183.2' ],
109 silly audit   'stats.js': [ '0.17.0' ],
109 silly audit   'stop-iteration-iterator': [ '1.1.0' ],
109 silly audit   'string.prototype.includes': [ '2.0.1' ],
109 silly audit   'string.prototype.matchall': [ '4.0.12' ],
109 silly audit   'string.prototype.repeat': [ '1.0.0' ],
109 silly audit   'string.prototype.trim': [ '1.2.10' ],
109 silly audit   'string.prototype.trimend': [ '1.0.9' ],
109 silly audit   'string.prototype.trimstart': [ '1.0.8' ],
109 silly audit   'strip-bom': [ '3.0.0' ],
109 silly audit   'strip-json-comments': [ '3.1.1' ],
109 silly audit   'styled-jsx': [ '5.1.6' ],
109 silly audit   'supports-color': [ '7.2.0' ],
109 silly audit   'supports-preserve-symlinks-flag': [ '1.0.0' ],
109 silly audit   'suspend-react': [ '0.1.3' ],
109 silly audit   tailwindcss: [ '4.2.2' ],
109 silly audit   tapable: [ '2.3.2' ],
109 silly audit   'three-mesh-bvh': [ '0.8.3' ],
109 silly audit   'three-stdlib': [ '2.36.1' ],
109 silly audit   thumbhash: [ '0.1.1' ],
109 silly audit   tinyglobby: [ '0.2.15' ],
109 silly audit   fdir: [ '6.5.0' ],
109 silly audit   'to-regex-range': [ '5.0.1' ],
109 silly audit   'troika-three-text': [ '0.52.4' ],
109 silly audit   'troika-three-utils': [ '0.52.4' ],
109 silly audit   'troika-worker-utils': [ '0.52.0' ],
109 silly audit   'ts-api-utils': [ '2.5.0' ],
109 silly audit   'tsconfig-paths': [ '3.15.0' ],
109 silly audit   tslib: [ '2.8.1' ],
109 silly audit   'tunnel-rat': [ '0.1.2' ],
109 silly audit   zustand: [ '4.5.7', '5.0.12' ],
109 silly audit   'type-check': [ '0.4.0' ],
109 silly audit   'typed-array-buffer': [ '1.0.3' ],
109 silly audit   'typed-array-byte-length': [ '1.0.3' ],
109 silly audit   'typed-array-byte-offset': [ '1.0.4' ],
109 silly audit   'typed-array-length': [ '1.0.7' ],
109 silly audit   typescript: [ '5.9.3' ],
109 silly audit   'typescript-eslint': [ '8.58.0' ],
109 silly audit   'unbox-primitive': [ '1.1.0' ],
109 silly audit   'undici-types': [ '6.21.0' ],
109 silly audit   'unrs-resolver': [ '1.11.1' ],
109 silly audit   'update-browserslist-db': [ '1.2.3' ],
109 silly audit   'uri-js': [ '4.4.1' ],
109 silly audit   'use-sync-external-store': [ '1.6.0' ],
109 silly audit   'utility-types': [ '3.11.0' ],
109 silly audit   'webgl-constants': [ '1.1.1' ],
109 silly audit   'webgl-sdf-generator': [ '1.1.1' ],
109 silly audit   which: [ '2.0.2' ],
109 silly audit   'which-boxed-primitive': [ '1.1.1' ],
109 silly audit   'which-builtin-type': [ '1.2.1' ],
109 silly audit   'which-collection': [ '1.0.2' ],
109 silly audit   'which-typed-array': [ '1.1.20' ],
109 silly audit   'word-wrap': [ '1.2.5' ],
109 silly audit   yallist: [ '3.1.1' ],
109 silly audit   'yocto-queue': [ '0.1.0' ],
109 silly audit   zod: [ '4.3.6' ],
109 silly audit   'zod-validation-error': [ '4.0.2' ],
109 silly audit   next: [ '16.2.2' ],
109 silly audit   react: [ '19.2.4' ],
109 silly audit   'react-dom': [ '19.2.4' ],
109 silly audit   '@next/env': [ '16.2.2' ],
109 silly audit   '@next/swc-darwin-arm64': [ '16.2.2' ],
109 silly audit   '@next/swc-darwin-x64': [ '16.2.2' ],
109 silly audit   '@next/swc-linux-arm64-gnu': [ '16.2.2' ],
109 silly audit   '@next/swc-linux-arm64-musl': [ '16.2.2' ],
109 silly audit   '@next/swc-linux-x64-gnu': [ '16.2.2' ],
109 silly audit   '@next/swc-linux-x64-musl': [ '16.2.2' ],
109 silly audit   '@next/swc-win32-arm64-msvc': [ '16.2.2' ],
109 silly audit   '@next/swc-win32-x64-msvc': [ '16.2.2' ],
109 silly audit   '@tailwindcss/oxide-wasm32-wasi': [ '4.2.2' ]
109 silly audit }
110 verbose reify failed optional dependency /Users/juanmontes/Proyectos/WEB JFM/mulanima-visual/node_modules/@next/swc-win32-x64-msvc
111 silly reify mark deleted [
111 silly reify   '/Users/juanmontes/Proyectos/WEB JFM/mulanima-visual/node_modules/@next/swc-win32-x64-msvc'
111 silly reify ]
112 verbose reify failed optional dependency /Users/juanmontes/Proyectos/WEB JFM/mulanima-visual/node_modules/@next/swc-win32-arm64-msvc
113 silly reify mark deleted [
113 silly reify   '/Users/juanmontes/Proyectos/WEB JFM/mulanima-visual/node_modules/@next/swc-win32-arm64-msvc'
113 silly reify ]
114 verbose reify failed optional dependency /Users/juanmontes/Proyectos/WEB JFM/mulanima-visual/node_modules/@next/swc-linux-x64-musl
115 silly reify mark deleted [
115 silly reify   '/Users/juanmontes/Proyectos/WEB JFM/mulanima-visual/node_modules/@next/swc-linux-x64-musl'
115 silly reify ]
116 verbose reify failed optional dependency /Users/juanmontes/Proyectos/WEB JFM/mulanima-visual/node_modules/@next/swc-linux-x64-gnu
117 silly reify mark deleted [
117 silly reify   '/Users/juanmontes/Proyectos/WEB JFM/mulanima-visual/node_modules/@next/swc-linux-x64-gnu'
117 silly reify ]
118 verbose reify failed optional dependency /Users/juanmontes/Proyectos/WEB JFM/mulanima-visual/node_modules/@next/swc-linux-arm64-musl
119 silly reify mark deleted [
119 silly reify   '/Users/juanmontes/Proyectos/WEB JFM/mulanima-visual/node_modules/@next/swc-linux-arm64-musl'
119 silly reify ]
120 verbose reify failed optional dependency /Users/juanmontes/Proyectos/WEB JFM/mulanima-visual/node_modules/@next/swc-linux-arm64-gnu
121 silly reify mark deleted [
121 silly reify   '/Users/juanmontes/Proyectos/WEB JFM/mulanima-visual/node_modules/@next/swc-linux-arm64-gnu'
121 silly reify ]
122 verbose reify failed optional dependency /Users/juanmontes/Proyectos/WEB JFM/mulanima-visual/node_modules/@next/swc-darwin-x64
123 silly reify mark deleted [
123 silly reify   '/Users/juanmontes/Proyectos/WEB JFM/mulanima-visual/node_modules/@next/swc-darwin-x64'
123 silly reify ]
124 verbose reify failed optional dependency /Users/juanmontes/Proyectos/WEB JFM/mulanima-visual/node_modules/lightningcss-win32-x64-msvc
125 silly reify mark deleted [
125 silly reify   '/Users/juanmontes/Proyectos/WEB JFM/mulanima-visual/node_modules/lightningcss-win32-x64-msvc'
125 silly reify ]
126 verbose reify failed optional dependency /Users/juanmontes/Proyectos/WEB JFM/mulanima-visual/node_modules/lightningcss-win32-arm64-msvc
127 silly reify mark deleted [
127 silly reify   '/Users/juanmontes/Proyectos/WEB JFM/mulanima-visual/node_modules/lightningcss-win32-arm64-msvc'
127 silly reify ]
128 verbose reify failed optional dependency /Users/juanmontes/Proyectos/WEB JFM/mulanima-visual/node_modules/lightningcss-linux-x64-musl
129 silly reify mark deleted [
129 silly reify   '/Users/juanmontes/Proyectos/WEB JFM/mulanima-visual/node_modules/lightningcss-linux-x64-musl'
129 silly reify ]
130 verbose reify failed optional dependency /Users/juanmontes/Proyectos/WEB JFM/mulanima-visual/node_modules/lightningcss-linux-x64-gnu
131 silly reify mark deleted [
131 silly reify   '/Users/juanmontes/Proyectos/WEB JFM/mulanima-visual/node_modules/lightningcss-linux-x64-gnu'
131 silly reify ]
132 verbose reify failed optional dependency /Users/juanmontes/Proyectos/WEB JFM/mulanima-visual/node_modules/lightningcss-linux-arm64-musl
133 silly reify mark deleted [
133 silly reify   '/Users/juanmontes/Proyectos/WEB JFM/mulanima-visual/node_modules/lightningcss-linux-arm64-musl'
133 silly reify ]
134 verbose reify failed optional dependency /Users/juanmontes/Proyectos/WEB JFM/mulanima-visual/node_modules/lightningcss-linux-arm64-gnu
135 silly reify mark deleted [
135 silly reify   '/Users/juanmontes/Proyectos/WEB JFM/mulanima-visual/node_modules/lightningcss-linux-arm64-gnu'
135 silly reify ]
136 verbose reify failed optional dependency /Users/juanmontes/Proyectos/WEB JFM/mulanima-visual/node_modules/lightningcss-linux-arm-gnueabihf
137 silly reify mark deleted [
137 silly reify   '/Users/juanmontes/Proyectos/WEB JFM/mulanima-visual/node_modules/lightningcss-linux-arm-gnueabihf'
137 silly reify ]
138 verbose reify failed optional dependency /Users/juanmontes/Proyectos/WEB JFM/mulanima-visual/node_modules/lightningcss-freebsd-x64
139 silly reify mark deleted [
139 silly reify   '/Users/juanmontes/Proyectos/WEB JFM/mulanima-visual/node_modules/lightningcss-freebsd-x64'
139 silly reify ]
140 verbose reify failed optional dependency /Users/juanmontes/Proyectos/WEB JFM/mulanima-visual/node_modules/lightningcss-darwin-x64
141 silly reify mark deleted [
141 silly reify   '/Users/juanmontes/Proyectos/WEB JFM/mulanima-visual/node_modules/lightningcss-darwin-x64'
141 silly reify ]
142 verbose reify failed optional dependency /Users/juanmontes/Proyectos/WEB JFM/mulanima-visual/node_modules/lightningcss-android-arm64
143 silly reify mark deleted [
143 silly reify   '/Users/juanmontes/Proyectos/WEB JFM/mulanima-visual/node_modules/lightningcss-android-arm64'
143 silly reify ]
144 verbose reify failed optional dependency /Users/juanmontes/Proyectos/WEB JFM/mulanima-visual/node_modules/@unrs/resolver-binding-win32-x64-msvc
145 silly reify mark deleted [
145 silly reify   '/Users/juanmontes/Proyectos/WEB JFM/mulanima-visual/node_modules/@unrs/resolver-binding-win32-x64-msvc'
145 silly reify ]
146 verbose reify failed optional dependency /Users/juanmontes/Proyectos/WEB JFM/mulanima-visual/node_modules/@unrs/resolver-binding-win32-ia32-msvc
147 silly reify mark deleted [
147 silly reify   '/Users/juanmontes/Proyectos/WEB JFM/mulanima-visual/node_modules/@unrs/resolver-binding-win32-ia32-msvc'
147 silly reify ]
148 verbose reify failed optional dependency /Users/juanmontes/Proyectos/WEB JFM/mulanima-visual/node_modules/@unrs/resolver-binding-win32-arm64-msvc
149 silly reify mark deleted [
149 silly reify   '/Users/juanmontes/Proyectos/WEB JFM/mulanima-visual/node_modules/@unrs/resolver-binding-win32-arm64-msvc'
149 silly reify ]
150 verbose reify failed optional dependency /Users/juanmontes/Proyectos/WEB JFM/mulanima-visual/node_modules/@unrs/resolver-binding-wasm32-wasi
151 silly reify mark deleted [
151 silly reify   '/Users/juanmontes/Proyectos/WEB JFM/mulanima-visual/node_modules/@unrs/resolver-binding-wasm32-wasi'
151 silly reify ]
152 verbose reify failed optional dependency /Users/juanmontes/Proyectos/WEB JFM/mulanima-visual/node_modules/@unrs/resolver-binding-linux-x64-musl
153 silly reify mark deleted [
153 silly reify   '/Users/juanmontes/Proyectos/WEB JFM/mulanima-visual/node_modules/@unrs/resolver-binding-linux-x64-musl'
153 silly reify ]
154 verbose reify failed optional dependency /Users/juanmontes/Proyectos/WEB JFM/mulanima-visual/node_modules/@unrs/resolver-binding-linux-x64-gnu
155 silly reify mark deleted [
155 silly reify   '/Users/juanmontes/Proyectos/WEB JFM/mulanima-visual/node_modules/@unrs/resolver-binding-linux-x64-gnu'
155 silly reify ]
156 verbose reify failed optional dependency /Users/juanmontes/Proyectos/WEB JFM/mulanima-visual/node_modules/@unrs/resolver-binding-linux-s390x-gnu
157 silly reify mark deleted [
157 silly reify   '/Users/juanmontes/Proyectos/WEB JFM/mulanima-visual/node_modules/@unrs/resolver-binding-linux-s390x-gnu'
157 silly reify ]
158 verbose reify failed optional dependency /Users/juanmontes/Proyectos/WEB JFM/mulanima-visual/node_modules/@unrs/resolver-binding-linux-riscv64-musl
159 silly reify mark deleted [
159 silly reify   '/Users/juanmontes/Proyectos/WEB JFM/mulanima-visual/node_modules/@unrs/resolver-binding-linux-riscv64-musl'
159 silly reify ]
160 verbose reify failed optional dependency /Users/juanmontes/Proyectos/WEB JFM/mulanima-visual/node_modules/@unrs/resolver-binding-linux-riscv64-gnu
161 silly reify mark deleted [
161 silly reify   '/Users/juanmontes/Proyectos/WEB JFM/mulanima-visual/node_modules/@unrs/resolver-binding-linux-riscv64-gnu'
161 silly reify ]
162 verbose reify failed optional dependency /Users/juanmontes/Proyectos/WEB JFM/mulanima-visual/node_modules/@unrs/resolver-binding-linux-ppc64-gnu
163 silly reify mark deleted [
163 silly reify   '/Users/juanmontes/Proyectos/WEB JFM/mulanima-visual/node_modules/@unrs/resolver-binding-linux-ppc64-gnu'
163 silly reify ]
164 verbose reify failed optional dependency /Users/juanmontes/Proyectos/WEB JFM/mulanima-visual/node_modules/@unrs/resolver-binding-linux-arm64-musl
165 silly reify mark deleted [
165 silly reify   '/Users/juanmontes/Proyectos/WEB JFM/mulanima-visual/node_modules/@unrs/resolver-binding-linux-arm64-musl'
165 silly reify ]
166 verbose reify failed optional dependency /Users/juanmontes/Proyectos/WEB JFM/mulanima-visual/node_modules/@unrs/resolver-binding-linux-arm64-gnu
167 silly reify mark deleted [
167 silly reify   '/Users/juanmontes/Proyectos/WEB JFM/mulanima-visual/node_modules/@unrs/resolver-binding-linux-arm64-gnu'
167 silly reify ]
168 verbose reify failed optional dependency /Users/juanmontes/Proyectos/WEB JFM/mulanima-visual/node_modules/@unrs/resolver-binding-linux-arm-musleabihf
169 silly reify mark deleted [
169 silly reify   '/Users/juanmontes/Proyectos/WEB JFM/mulanima-visual/node_modules/@unrs/resolver-binding-linux-arm-musleabihf'
169 silly reify ]
170 verbose reify failed optional dependency /Users/juanmontes/Proyectos/WEB JFM/mulanima-visual/node_modules/@unrs/resolver-binding-linux-arm-gnueabihf
171 silly reify mark deleted [
171 silly reify   '/Users/juanmontes/Proyectos/WEB JFM/mulanima-visual/node_modules/@unrs/resolver-binding-linux-arm-gnueabihf'
171 silly reify ]
172 verbose reify failed optional dependency /Users/juanmontes/Proyectos/WEB JFM/mulanima-visual/node_modules/@unrs/resolver-binding-freebsd-x64
173 silly reify mark deleted [
173 silly reify   '/Users/juanmontes/Proyectos/WEB JFM/mulanima-visual/node_modules/@unrs/resolver-binding-freebsd-x64'
173 silly reify ]
174 verbose reify failed optional dependency /Users/juanmontes/Proyectos/WEB JFM/mulanima-visual/node_modules/@unrs/resolver-binding-darwin-x64
175 silly reify mark deleted [
175 silly reify   '/Users/juanmontes/Proyectos/WEB JFM/mulanima-visual/node_modules/@unrs/resolver-binding-darwin-x64'
175 silly reify ]
176 verbose reify failed optional dependency /Users/juanmontes/Proyectos/WEB JFM/mulanima-visual/node_modules/@unrs/resolver-binding-android-arm64
177 silly reify mark deleted [
177 silly reify   '/Users/juanmontes/Proyectos/WEB JFM/mulanima-visual/node_modules/@unrs/resolver-binding-android-arm64'
177 silly reify ]
178 verbose reify failed optional dependency /Users/juanmontes/Proyectos/WEB JFM/mulanima-visual/node_modules/@unrs/resolver-binding-android-arm-eabi
179 silly reify mark deleted [
179 silly reify   '/Users/juanmontes/Proyectos/WEB JFM/mulanima-visual/node_modules/@unrs/resolver-binding-android-arm-eabi'
179 silly reify ]
180 verbose reify failed optional dependency /Users/juanmontes/Proyectos/WEB JFM/mulanima-visual/node_modules/@tailwindcss/oxide-win32-x64-msvc
181 silly reify mark deleted [
181 silly reify   '/Users/juanmontes/Proyectos/WEB JFM/mulanima-visual/node_modules/@tailwindcss/oxide-win32-x64-msvc'
181 silly reify ]
182 verbose reify failed optional dependency /Users/juanmontes/Proyectos/WEB JFM/mulanima-visual/node_modules/@tailwindcss/oxide-win32-arm64-msvc
183 silly reify mark deleted [
183 silly reify   '/Users/juanmontes/Proyectos/WEB JFM/mulanima-visual/node_modules/@tailwindcss/oxide-win32-arm64-msvc'
183 silly reify ]
184 verbose reify failed optional dependency /Users/juanmontes/Proyectos/WEB JFM/mulanima-visual/node_modules/@tailwindcss/oxide-linux-x64-musl
185 silly reify mark deleted [
185 silly reify   '/Users/juanmontes/Proyectos/WEB JFM/mulanima-visual/node_modules/@tailwindcss/oxide-linux-x64-musl'
185 silly reify ]
186 verbose reify failed optional dependency /Users/juanmontes/Proyectos/WEB JFM/mulanima-visual/node_modules/@tailwindcss/oxide-linux-x64-gnu
187 silly reify mark deleted [
187 silly reify   '/Users/juanmontes/Proyectos/WEB JFM/mulanima-visual/node_modules/@tailwindcss/oxide-linux-x64-gnu'
187 silly reify ]
188 verbose reify failed optional dependency /Users/juanmontes/Proyectos/WEB JFM/mulanima-visual/node_modules/@tailwindcss/oxide-linux-arm64-musl
189 silly reify mark deleted [
189 silly reify   '/Users/juanmontes/Proyectos/WEB JFM/mulanima-visual/node_modules/@tailwindcss/oxide-linux-arm64-musl'
189 silly reify ]
190 verbose reify failed optional dependency /Users/juanmontes/Proyectos/WEB JFM/mulanima-visual/node_modules/@tailwindcss/oxide-linux-arm64-gnu
191 silly reify mark deleted [
191 silly reify   '/Users/juanmontes/Proyectos/WEB JFM/mulanima-visual/node_modules/@tailwindcss/oxide-linux-arm64-gnu'
191 silly reify ]
192 verbose reify failed optional dependency /Users/juanmontes/Proyectos/WEB JFM/mulanima-visual/node_modules/@tailwindcss/oxide-linux-arm-gnueabihf
193 silly reify mark deleted [
193 silly reify   '/Users/juanmontes/Proyectos/WEB JFM/mulanima-visual/node_modules/@tailwindcss/oxide-linux-arm-gnueabihf'
193 silly reify ]
194 verbose reify failed optional dependency /Users/juanmontes/Proyectos/WEB JFM/mulanima-visual/node_modules/@tailwindcss/oxide-freebsd-x64
195 silly reify mark deleted [
195 silly reify   '/Users/juanmontes/Proyectos/WEB JFM/mulanima-visual/node_modules/@tailwindcss/oxide-freebsd-x64'
195 silly reify ]
196 verbose reify failed optional dependency /Users/juanmontes/Proyectos/WEB JFM/mulanima-visual/node_modules/@tailwindcss/oxide-darwin-x64
197 silly reify mark deleted [
197 silly reify   '/Users/juanmontes/Proyectos/WEB JFM/mulanima-visual/node_modules/@tailwindcss/oxide-darwin-x64'
197 silly reify ]
198 verbose reify failed optional dependency /Users/juanmontes/Proyectos/WEB JFM/mulanima-visual/node_modules/@tailwindcss/oxide-android-arm64
199 silly reify mark deleted [
199 silly reify   '/Users/juanmontes/Proyectos/WEB JFM/mulanima-visual/node_modules/@tailwindcss/oxide-android-arm64'
199 silly reify ]
200 verbose reify failed optional dependency /Users/juanmontes/Proyectos/WEB JFM/mulanima-visual/node_modules/@img/sharp-win32-x64
201 silly reify mark deleted [
201 silly reify   '/Users/juanmontes/Proyectos/WEB JFM/mulanima-visual/node_modules/@img/sharp-win32-x64'
201 silly reify ]
202 verbose reify failed optional dependency /Users/juanmontes/Proyectos/WEB JFM/mulanima-visual/node_modules/@img/sharp-win32-ia32
203 silly reify mark deleted [
203 silly reify   '/Users/juanmontes/Proyectos/WEB JFM/mulanima-visual/node_modules/@img/sharp-win32-ia32'
203 silly reify ]
204 verbose reify failed optional dependency /Users/juanmontes/Proyectos/WEB JFM/mulanima-visual/node_modules/@img/sharp-win32-arm64
205 silly reify mark deleted [
205 silly reify   '/Users/juanmontes/Proyectos/WEB JFM/mulanima-visual/node_modules/@img/sharp-win32-arm64'
205 silly reify ]
206 verbose reify failed optional dependency /Users/juanmontes/Proyectos/WEB JFM/mulanima-visual/node_modules/@img/sharp-wasm32
207 silly reify mark deleted [
207 silly reify   '/Users/juanmontes/Proyectos/WEB JFM/mulanima-visual/node_modules/@img/sharp-wasm32'
207 silly reify ]
208 verbose reify failed optional dependency /Users/juanmontes/Proyectos/WEB JFM/mulanima-visual/node_modules/@img/sharp-linuxmusl-x64
209 silly reify mark deleted [
209 silly reify   '/Users/juanmontes/Proyectos/WEB JFM/mulanima-visual/node_modules/@img/sharp-linuxmusl-x64'
209 silly reify ]
210 verbose reify failed optional dependency /Users/juanmontes/Proyectos/WEB JFM/mulanima-visual/node_modules/@img/sharp-linuxmusl-arm64
211 silly reify mark deleted [
211 silly reify   '/Users/juanmontes/Proyectos/WEB JFM/mulanima-visual/node_modules/@img/sharp-linuxmusl-arm64'
211 silly reify ]
212 verbose reify failed optional dependency /Users/juanmontes/Proyectos/WEB JFM/mulanima-visual/node_modules/@img/sharp-linux-x64
213 silly reify mark deleted [
213 silly reify   '/Users/juanmontes/Proyectos/WEB JFM/mulanima-visual/node_modules/@img/sharp-linux-x64'
213 silly reify ]
214 verbose reify failed optional dependency /Users/juanmontes/Proyectos/WEB JFM/mulanima-visual/node_modules/@img/sharp-linux-s390x
215 silly reify mark deleted [
215 silly reify   '/Users/juanmontes/Proyectos/WEB JFM/mulanima-visual/node_modules/@img/sharp-linux-s390x'
215 silly reify ]
216 verbose reify failed optional dependency /Users/juanmontes/Proyectos/WEB JFM/mulanima-visual/node_modules/@img/sharp-linux-riscv64
217 silly reify mark deleted [
217 silly reify   '/Users/juanmontes/Proyectos/WEB JFM/mulanima-visual/node_modules/@img/sharp-linux-riscv64'
217 silly reify ]
218 verbose reify failed optional dependency /Users/juanmontes/Proyectos/WEB JFM/mulanima-visual/node_modules/@img/sharp-linux-ppc64
219 silly reify mark deleted [
219 silly reify   '/Users/juanmontes/Proyectos/WEB JFM/mulanima-visual/node_modules/@img/sharp-linux-ppc64'
219 silly reify ]
220 verbose reify failed optional dependency /Users/juanmontes/Proyectos/WEB JFM/mulanima-visual/node_modules/@img/sharp-linux-arm64
221 silly reify mark deleted [
221 silly reify   '/Users/juanmontes/Proyectos/WEB JFM/mulanima-visual/node_modules/@img/sharp-linux-arm64'
221 silly reify ]
222 verbose reify failed optional dependency /Users/juanmontes/Proyectos/WEB JFM/mulanima-visual/node_modules/@img/sharp-linux-arm
223 silly reify mark deleted [
223 silly reify   '/Users/juanmontes/Proyectos/WEB JFM/mulanima-visual/node_modules/@img/sharp-linux-arm'
223 silly reify ]
224 verbose reify failed optional dependency /Users/juanmontes/Proyectos/WEB JFM/mulanima-visual/node_modules/@img/sharp-libvips-linuxmusl-x64
225 silly reify mark deleted [
225 silly reify   '/Users/juanmontes/Proyectos/WEB JFM/mulanima-visual/node_modules/@img/sharp-libvips-linuxmusl-x64'
225 silly reify ]
226 verbose reify failed optional dependency /Users/juanmontes/Proyectos/WEB JFM/mulanima-visual/node_modules/@img/sharp-libvips-linuxmusl-arm64
227 silly reify mark deleted [
227 silly reify   '/Users/juanmontes/Proyectos/WEB JFM/mulanima-visual/node_modules/@img/sharp-libvips-linuxmusl-arm64'
227 silly reify ]
228 verbose reify failed optional dependency /Users/juanmontes/Proyectos/WEB JFM/mulanima-visual/node_modules/@img/sharp-libvips-linux-x64
229 silly reify mark deleted [
229 silly reify   '/Users/juanmontes/Proyectos/WEB JFM/mulanima-visual/node_modules/@img/sharp-libvips-linux-x64'
229 silly reify ]
230 verbose reify failed optional dependency /Users/juanmontes/Proyectos/WEB JFM/mulanima-visual/node_modules/@img/sharp-libvips-linux-s390x
231 silly reify mark deleted [
231 silly reify   '/Users/juanmontes/Proyectos/WEB JFM/mulanima-visual/node_modules/@img/sharp-libvips-linux-s390x'
231 silly reify ]
232 verbose reify failed optional dependency /Users/juanmontes/Proyectos/WEB JFM/mulanima-visual/node_modules/@img/sharp-libvips-linux-riscv64
233 silly reify mark deleted [
233 silly reify   '/Users/juanmontes/Proyectos/WEB JFM/mulanima-visual/node_modules/@img/sharp-libvips-linux-riscv64'
233 silly reify ]
234 verbose reify failed optional dependency /Users/juanmontes/Proyectos/WEB JFM/mulanima-visual/node_modules/@img/sharp-libvips-linux-ppc64
235 silly reify mark deleted [
235 silly reify   '/Users/juanmontes/Proyectos/WEB JFM/mulanima-visual/node_modules/@img/sharp-libvips-linux-ppc64'
235 silly reify ]
236 verbose reify failed optional dependency /Users/juanmontes/Proyectos/WEB JFM/mulanima-visual/node_modules/@img/sharp-libvips-linux-arm64
237 silly reify mark deleted [
237 silly reify   '/Users/juanmontes/Proyectos/WEB JFM/mulanima-visual/node_modules/@img/sharp-libvips-linux-arm64'
237 silly reify ]
238 verbose reify failed optional dependency /Users/juanmontes/Proyectos/WEB JFM/mulanima-visual/node_modules/@img/sharp-libvips-linux-arm
239 silly reify mark deleted [
239 silly reify   '/Users/juanmontes/Proyectos/WEB JFM/mulanima-visual/node_modules/@img/sharp-libvips-linux-arm'
239 silly reify ]
240 verbose reify failed optional dependency /Users/juanmontes/Proyectos/WEB JFM/mulanima-visual/node_modules/@img/sharp-libvips-darwin-x64
241 silly reify mark deleted [
241 silly reify   '/Users/juanmontes/Proyectos/WEB JFM/mulanima-visual/node_modules/@img/sharp-libvips-darwin-x64'
241 silly reify ]
242 verbose reify failed optional dependency /Users/juanmontes/Proyectos/WEB JFM/mulanima-visual/node_modules/@img/sharp-darwin-x64
243 silly reify mark deleted [
243 silly reify   '/Users/juanmontes/Proyectos/WEB JFM/mulanima-visual/node_modules/@img/sharp-darwin-x64'
243 silly reify ]
244 http cache react-dom@https://registry.npmjs.org/react-dom/-/react-dom-19.2.4.tgz 0ms (cache hit)
245 http cache react@https://registry.npmjs.org/react/-/react-19.2.4.tgz 0ms (cache hit)
246 http cache next@https://registry.npmjs.org/next/-/next-16.2.2.tgz 0ms (cache hit)
247 http cache @next/swc-darwin-arm64@https://registry.npmjs.org/@next/swc-darwin-arm64/-/swc-darwin-arm64-16.2.2.tgz 0ms (cache hit)
248 http cache @next/env@https://registry.npmjs.org/@next/env/-/env-16.2.2.tgz 0ms (cache hit)
249 silly tarball no local data for react-dom@https://registry.npmjs.org/react-dom/-/react-dom-19.2.4.tgz. Extracting by manifest.
250 silly tarball no local data for react@https://registry.npmjs.org/react/-/react-19.2.4.tgz. Extracting by manifest.
251 silly tarball no local data for next@https://registry.npmjs.org/next/-/next-16.2.2.tgz. Extracting by manifest.
252 silly tarball no local data for @next/swc-darwin-arm64@https://registry.npmjs.org/@next/swc-darwin-arm64/-/swc-darwin-arm64-16.2.2.tgz. Extracting by manifest.
253 silly tarball no local data for @next/env@https://registry.npmjs.org/@next/env/-/env-16.2.2.tgz. Extracting by manifest.
254 http fetch GET 200 https://registry.npmjs.org/react/-/react-19.2.4.tgz 103ms (cache miss)
255 http fetch POST 200 https://registry.npmjs.org/-/npm/v1/security/advisories/bulk 294ms
256 silly audit report {}
257 http fetch GET 200 https://registry.npmjs.org/react-dom/-/react-dom-19.2.4.tgz 290ms (cache miss)
258 http fetch GET 200 https://registry.npmjs.org/@next/env/-/env-16.2.2.tgz 326ms (cache miss)
259 http fetch GET 200 https://registry.npmjs.org/@next/swc-darwin-arm64/-/swc-darwin-arm64-16.2.2.tgz 11968ms (cache miss)
260 http fetch GET 200 https://registry.npmjs.org/next/-/next-16.2.2.tgz 14918ms (cache miss)
261 silly ADD
262 silly ADD
263 silly ADD
264 silly ADD
265 silly ADD
266 silly ADD
267 silly ADD
268 silly ADD
269 silly ADD
270 silly ADD
271 silly ADD
272 silly ADD
273 silly ADD
274 silly ADD
275 silly ADD
276 silly ADD
277 silly ADD
278 silly ADD
279 silly ADD
280 silly ADD
281 silly ADD
282 silly ADD
283 silly ADD
284 silly ADD
285 silly ADD
286 silly ADD
287 silly ADD
288 silly ADD
289 silly ADD
290 silly ADD
291 silly ADD
292 silly ADD
293 silly ADD
294 silly ADD
295 silly ADD
296 silly ADD
297 silly ADD
298 silly ADD
299 silly ADD
300 silly ADD
301 silly ADD
302 silly ADD
303 silly ADD
304 silly ADD
305 silly ADD
306 silly ADD
307 silly ADD
308 silly ADD
309 silly ADD
310 silly ADD
311 silly ADD
312 silly ADD
313 silly ADD
314 silly ADD
315 silly ADD
316 silly ADD
317 silly ADD
318 silly ADD
319 silly ADD
320 silly ADD
321 silly ADD
322 silly ADD
323 silly ADD
324 silly ADD
325 silly ADD
326 silly ADD
327 silly ADD
328 silly ADD
329 silly CHANGE node_modules/react-dom
330 silly CHANGE node_modules/react
331 silly CHANGE node_modules/next
332 silly CHANGE node_modules/@next/swc-darwin-arm64
333 silly CHANGE node_modules/@next/env
334 verbose cwd /Users/juanmontes/Proyectos/WEB JFM/mulanima-visual
335 verbose os Darwin 24.5.0
336 verbose node v22.22.1
337 verbose npm  v10.9.4
338 notice
338 notice New [31mmajor[39m version of npm available! [31m10.9.4[39m -> [34m11.12.1[39m
338 notice Changelog: [34mhttps://github.com/npm/cli/releases/tag/v11.12.1[39m
338 notice To update run: [4mnpm install -g npm@11.12.1[24m
338 notice  { force: true, [Symbol(proc-log.meta)]: true }
339 verbose exit 0
340 info ok
